0 info it worked if it ends with ok
1 verbose cli [ 'C:\\Program Files (x86)\\nodejs\\\\node.exe',
1 verbose cli   'C:\\Program Files (x86)\\nodejs\\node_modules\\npm\\bin\\npm-cli.js',
1 verbose cli   'run-script',
1 verbose cli   'test' ]
2 info using npm@1.4.14
3 info using node@v0.10.29
4 verbose node symlink C:\Program Files (x86)\nodejs\\node.exe
5 verbose run-script [ 'pretest', 'test', 'posttest' ]
6 info pretest snake@0.0.1
7 info test snake@0.0.1
8 verbose unsafe-perm in lifecycle true
9 info snake@0.0.1 Failed to exec test script
10 error snake@0.0.1 test: `echo "Tester c'est douter !" && exit 1`
10 error Exit status 1
11 error Failed at the snake@0.0.1 test script.
11 error This is most likely a problem with the snake package,
11 error not with npm itself.
11 error Tell the author that this fails on your system:
11 error     echo "Tester c'est douter !" && exit 1
11 error You can get their info via:
11 error     npm owner ls snake
11 error There is likely additional logging output above.
12 error System Windows_NT 6.1.7601
13 error command "C:\\Program Files (x86)\\nodejs\\\\node.exe" "C:\\Program Files (x86)\\nodejs\\node_modules\\npm\\bin\\npm-cli.js" "run-script" "test"
14 error cwd D:\Dev\snake
15 error node -v v0.10.29
16 error npm -v 1.4.14
17 error code ELIFECYCLE
18 verbose exit [ 1, true ]
